


ARM Macro Assembler    Page 1 


    1 00000000         ;/******************************************************
                       ********************//**
    2 00000000         ; * @file     startup_ARMCM0.s
    3 00000000         ; * @brief    CMSIS Cortex-M0 Core Device Startup File
    4 00000000         ; *           for CM0 Device Series
    5 00000000         ; * @version  V1.04
    6 00000000         ; * @date     14. January 2011
    7 00000000         ; *------- <<< Use Configuration Wizard in Context Menu 
                       >>> ------------------
    8 00000000         ; *
    9 00000000         ; ******************************************************
                       ************************/
   10 00000000         
   11 00000000         
   12 00000000         ; <h> Stack Configuration
   13 00000000         ;   <o> Stack Size (in Bytes) <0x0-0xFFFFFFFF:8>
   14 00000000         ; </h>
   15 00000000         
   16 00000000 00000400 
                       Stack_Size
                               EQU              0x00000400
   17 00000000         
   18 00000000                 AREA             STACK, NOINIT, READWRITE, ALIGN
=3
   19 00000000         Stack_Mem
                               SPACE            Stack_Size
   20 00000400         __initial_sp
   21 00000400         
   22 00000400         
   23 00000400         ; <h> Heap Configuration
   24 00000400         ;   <o>  Heap Size (in Bytes) <0x0-0xFFFFFFFF:8>
   25 00000400         ; </h>
   26 00000400         
   27 00000400 00000000 
                       Heap_Size
                               EQU              0x00000000
   28 00000400         
   29 00000400                 AREA             HEAP, NOINIT, READWRITE, ALIGN=
3
   30 00000000         __heap_base
   31 00000000         Heap_Mem
                               SPACE            Heap_Size
   32 00000000         __heap_limit
   33 00000000         
   34 00000000         
   35 00000000                 PRESERVE8
   36 00000000                 THUMB
   37 00000000         
   38 00000000         
   39 00000000         ; Vector Table Mapped to Address 0 at Reset
   40 00000000         
   41 00000000                 AREA             RESET, DATA, READONLY
   42 00000000                 EXPORT           __Vectors
   43 00000000                 EXPORT           __Vectors_End
   44 00000000                 EXPORT           __Vectors_Size
   45 00000000         
   46 00000000 00000000 
                       __Vectors
                               DCD              __initial_sp ; Top of Stack



ARM Macro Assembler    Page 2 


   47 00000004 00000000        DCD              Reset_Handler ; Reset Handler
   48 00000008 00000000        DCD              NMI_Handler ; NMI Handler
   49 0000000C 00000000        DCD              HardFault_Handler ; Hard Fault 
                                                            Handler
   50 00000010 00000000        DCD              0           ; Reserved
   51 00000014 00000000        DCD              0           ; Reserved
   52 00000018 00000000        DCD              0           ; Reserved
   53 0000001C 00000000        DCD              0           ; Reserved
   54 00000020 00000000        DCD              0           ; Reserved
   55 00000024 00000000        DCD              0           ; Reserved
   56 00000028 00000000        DCD              0           ; Reserved
   57 0000002C 00000000        DCD              SVC_Handler ; SVCall Handler
   58 00000030 00000000        DCD              0           ; Reserved
   59 00000034 00000000        DCD              0           ; Reserved
   60 00000038 00000000        DCD              PendSV_Handler ; PendSV Handler
                                                            
   61 0000003C 00000000        DCD              SysTick_Handler 
                                                            ; SysTick Handler
   62 00000040         
   63 00000040         ; External Interrupts
   64 00000040 00000000        DCD              DEF_IRQHandler ;  0: Default
   65 00000044         __Vectors_End
   66 00000044         
   67 00000044 00000044 
                       __Vectors_Size
                               EQU              __Vectors_End - __Vectors
   68 00000044         
   69 00000044                 AREA             |.text|, CODE, READONLY
   70 00000000         
   71 00000000         
   72 00000000         ; Reset Handler
   73 00000000         
   74 00000000         Reset_Handler
                               PROC
   75 00000000                 EXPORT           Reset_Handler             [WEAK
]
   76 00000000                 IMPORT           SystemInit
   77 00000000                 IMPORT           __main
   78 00000000 4807            LDR              R0, =SystemInit
   79 00000002 4780            BLX              R0
   80 00000004 4807            LDR              R0, =__main
   81 00000006 4700            BX               R0
   82 00000008                 ENDP
   83 00000008         
   84 00000008         
   85 00000008         ; Dummy Exception Handlers (infinite loops which can be 
                       modified)
   86 00000008         
   87 00000008         NMI_Handler
                               PROC
   88 00000008                 EXPORT           NMI_Handler               [WEAK
]
   89 00000008 E7FE            B                .
   90 0000000A                 ENDP
   92 0000000A         HardFault_Handler
                               PROC
   93 0000000A                 EXPORT           HardFault_Handler         [WEAK
]
   94 0000000A E7FE            B                .



ARM Macro Assembler    Page 3 


   95 0000000C                 ENDP
   96 0000000C         SVC_Handler
                               PROC
   97 0000000C                 EXPORT           SVC_Handler               [WEAK
]
   98 0000000C E7FE            B                .
   99 0000000E                 ENDP
  100 0000000E         PendSV_Handler
                               PROC
  101 0000000E                 EXPORT           PendSV_Handler            [WEAK
]
  102 0000000E E7FE            B                .
  103 00000010                 ENDP
  104 00000010         SysTick_Handler
                               PROC
  105 00000010                 EXPORT           SysTick_Handler           [WEAK
]
  106 00000010 E7FE            B                .
  107 00000012                 ENDP
  108 00000012         
  109 00000012         Default_Handler
                               PROC
  110 00000012                 EXPORT           DEF_IRQHandler            [WEAK
]
  111 00000012         DEF_IRQHandler
  112 00000012 E7FE            B                .
  113 00000014                 ENDP
  114 00000014         
  115 00000014         
  116 00000014                 ALIGN
  117 00000014         
  118 00000014         
  119 00000014         ; User Initial Stack & Heap
  120 00000014         
  121 00000014                 IF               :DEF:__MICROLIB
  128 00000014         
  129 00000014                 IMPORT           __use_two_region_memory
  130 00000014                 EXPORT           __user_initial_stackheap
  131 00000014         __user_initial_stackheap
  132 00000014         
  133 00000014 4804            LDR              R0, =  Heap_Mem
  134 00000016 4905            LDR              R1, =(Stack_Mem + Stack_Size)
  135 00000018 4A03            LDR              R2, = (Heap_Mem +  Heap_Size)
  136 0000001A 4B05            LDR              R3, = Stack_Mem
  137 0000001C 4770            BX               LR
  138 0000001E         
  139 0000001E 00 00           ALIGN
  140 00000020         
  141 00000020                 ENDIF
  142 00000020         
  143 00000020         
  144 00000020                 END
              00000000 
              00000000 
              00000000 
              00000400 
              00000000 
Command Line: --debug --xref --cpu=Cortex-M0 --apcs=interwork --depend=.\debug\
startup_armcm0.d -o.\debug\startup_armcm0.o -IC:\Keil\ARM\RV31\INC -IC:\Keil\AR



ARM Macro Assembler    Page 4 


M\PACK\ARM\CMSIS\3.20.3\CMSIS\Include --list=.\debug\startup_armcm0.lst startup
_ARMCM0.s



ARM Macro Assembler    Page 1 Alphabetic symbol ordering
Relocatable symbols

STACK 00000000

Symbol: STACK
   Definitions
      At line 18 in file startup_ARMCM0.s
   Uses
      None
Comment: STACK unused
Stack_Mem 00000000

Symbol: Stack_Mem
   Definitions
      At line 19 in file startup_ARMCM0.s
   Uses
      At line 134 in file startup_ARMCM0.s
      At line 136 in file startup_ARMCM0.s

__initial_sp 00000400

Symbol: __initial_sp
   Definitions
      At line 20 in file startup_ARMCM0.s
   Uses
      At line 46 in file startup_ARMCM0.s
Comment: __initial_sp used once
3 symbols



ARM Macro Assembler    Page 1 Alphabetic symbol ordering
Relocatable symbols

HEAP 00000000

Symbol: HEAP
   Definitions
      At line 29 in file startup_ARMCM0.s
   Uses
      None
Comment: HEAP unused
Heap_Mem 00000000

Symbol: Heap_Mem
   Definitions
      At line 31 in file startup_ARMCM0.s
   Uses
      At line 133 in file startup_ARMCM0.s
      At line 135 in file startup_ARMCM0.s

__heap_base 00000000

Symbol: __heap_base
   Definitions
      At line 30 in file startup_ARMCM0.s
   Uses
      None
Comment: __heap_base unused
__heap_limit 00000000

Symbol: __heap_limit
   Definitions
      At line 32 in file startup_ARMCM0.s
   Uses
      None
Comment: __heap_limit unused
4 symbols



ARM Macro Assembler    Page 1 Alphabetic symbol ordering
Relocatable symbols

RESET 00000000

Symbol: RESET
   Definitions
      At line 41 in file startup_ARMCM0.s
   Uses
      None
Comment: RESET unused
__Vectors 00000000

Symbol: __Vectors
   Definitions
      At line 46 in file startup_ARMCM0.s
   Uses
      At line 42 in file startup_ARMCM0.s
      At line 67 in file startup_ARMCM0.s

__Vectors_End 00000044

Symbol: __Vectors_End
   Definitions
      At line 65 in file startup_ARMCM0.s
   Uses
      At line 43 in file startup_ARMCM0.s
      At line 67 in file startup_ARMCM0.s

3 symbols



ARM Macro Assembler    Page 1 Alphabetic symbol ordering
Relocatable symbols

.text 00000000

Symbol: .text
   Definitions
      At line 69 in file startup_ARMCM0.s
   Uses
      None
Comment: .text unused
DEF_IRQHandler 00000012

Symbol: DEF_IRQHandler
   Definitions
      At line 111 in file startup_ARMCM0.s
   Uses
      At line 64 in file startup_ARMCM0.s
      At line 110 in file startup_ARMCM0.s

Default_Handler 00000012

Symbol: Default_Handler
   Definitions
      At line 109 in file startup_ARMCM0.s
   Uses
      None
Comment: Default_Handler unused
HardFault_Handler 0000000A

Symbol: HardFault_Handler
   Definitions
      At line 92 in file startup_ARMCM0.s
   Uses
      At line 49 in file startup_ARMCM0.s
      At line 93 in file startup_ARMCM0.s

NMI_Handler 00000008

Symbol: NMI_Handler
   Definitions
      At line 87 in file startup_ARMCM0.s
   Uses
      At line 48 in file startup_ARMCM0.s
      At line 88 in file startup_ARMCM0.s

PendSV_Handler 0000000E

Symbol: PendSV_Handler
   Definitions
      At line 100 in file startup_ARMCM0.s
   Uses
      At line 60 in file startup_ARMCM0.s
      At line 101 in file startup_ARMCM0.s

Reset_Handler 00000000

Symbol: Reset_Handler
   Definitions
      At line 74 in file startup_ARMCM0.s
   Uses
      At line 47 in file startup_ARMCM0.s



ARM Macro Assembler    Page 2 Alphabetic symbol ordering
Relocatable symbols

      At line 75 in file startup_ARMCM0.s

SVC_Handler 0000000C

Symbol: SVC_Handler
   Definitions
      At line 96 in file startup_ARMCM0.s
   Uses
      At line 57 in file startup_ARMCM0.s
      At line 97 in file startup_ARMCM0.s

SysTick_Handler 00000010

Symbol: SysTick_Handler
   Definitions
      At line 104 in file startup_ARMCM0.s
   Uses
      At line 61 in file startup_ARMCM0.s
      At line 105 in file startup_ARMCM0.s

__user_initial_stackheap 00000014

Symbol: __user_initial_stackheap
   Definitions
      At line 131 in file startup_ARMCM0.s
   Uses
      At line 130 in file startup_ARMCM0.s
Comment: __user_initial_stackheap used once
10 symbols



ARM Macro Assembler    Page 1 Alphabetic symbol ordering
Absolute symbols

Heap_Size 00000000

Symbol: Heap_Size
   Definitions
      At line 27 in file startup_ARMCM0.s
   Uses
      At line 31 in file startup_ARMCM0.s
      At line 135 in file startup_ARMCM0.s

Stack_Size 00000400

Symbol: Stack_Size
   Definitions
      At line 16 in file startup_ARMCM0.s
   Uses
      At line 19 in file startup_ARMCM0.s
      At line 134 in file startup_ARMCM0.s

__Vectors_Size 00000044

Symbol: __Vectors_Size
   Definitions
      At line 67 in file startup_ARMCM0.s
   Uses
      At line 44 in file startup_ARMCM0.s
Comment: __Vectors_Size used once
3 symbols



ARM Macro Assembler    Page 1 Alphabetic symbol ordering
External symbols

SystemInit 00000000

Symbol: SystemInit
   Definitions
      At line 76 in file startup_ARMCM0.s
   Uses
      At line 78 in file startup_ARMCM0.s
Comment: SystemInit used once
__main 00000000

Symbol: __main
   Definitions
      At line 77 in file startup_ARMCM0.s
   Uses
      At line 80 in file startup_ARMCM0.s
Comment: __main used once
__use_two_region_memory 00000000

Symbol: __use_two_region_memory
   Definitions
      At line 129 in file startup_ARMCM0.s
   Uses
      None
Comment: __use_two_region_memory unused
3 symbols
360 symbols in table
